# JRE version: Java(TM) SE Runtime Environment (7.0_45-b18) (build 1.7.0_45-b18)
# Java VM: Java HotSpot(TM) 64-Bit Server VM (24.45-b08 mixed mode windows-amd64 compressed oops)
Heap
 PSYoungGen      total 1028608K, used 332353K [0x00000007c0800000, 0x00000007fff80000, 0x0000000800000000)
  eden space 1016832K, 32% used [0x00000007c0800000,0x00000007d45f0768,0x00000007fe900000)
  from space 11776K, 57% used [0x00000007fe900000,0x00000007fefa0000,0x00000007ff480000)
  to   space 11264K, 0% used [0x00000007ff480000,0x00000007ff480000,0x00000007fff80000)
 ParOldGen       total 532992K, used 269740K [0x0000000741800000, 0x0000000762080000, 0x00000007c0800000)
  object space 532992K, 50% used [0x0000000741800000,0x0000000751f6b080,0x0000000762080000)
 PSPermGen       total 31232K, used 15214K [0x000000073c600000, 0x000000073e480000, 0x0000000741800000)
  object space 31232K, 48% used [0x000000073c600000,0x000000073d4dbaf8,0x000000073e480000)
GC Heap History (10 events):
Event: 3903.386 GC heap before
{Heap before GC invocations=1311 (full 4):
 PSYoungGen      total 1025024K, used 1019040K [0x00000007c0800000, 0x00000007ffe80000, 0x0000000800000000)
  eden space 1013248K, 100% used [0x00000007c0800000,0x00000007fe580000,0x00000007fe580000)
  from space 11776K, 49% used [0x00000007ff300000,0x00000007ff8a8000,0x00000007ffe80000)
  to   space 12800K, 0% used [0x00000007fe580000,0x00000007fe580000,0x00000007ff200000)
 ParOldGen       total 532992K, used 268920K [0x0000000741800000, 0x0000000762080000, 0x00000007c0800000)
  object space 532992K, 50% used [0x0000000741800000,0x0000000751e9e070,0x0000000762080000)
 PSPermGen       total 31232K, used 15214K [0x000000073c600000, 0x000000073e480000, 0x0000000741800000)
  object space 31232K, 48% used [0x000000073c600000,0x000000073d4dbaf8,0x000000073e480000)
Event: 3903.394 GC heap after
Heap after GC invocations=1311 (full 4):
 PSYoungGen      total 1026048K, used 6727K [0x00000007c0800000, 0x0000000800000000, 0x0000000800000000)
  eden space 1013248K, 0% used [0x00000007c0800000,0x00000007c0800000,0x00000007fe580000)
  from space 12800K, 52% used [0x00000007fe580000,0x00000007fec11c58,0x00000007ff200000)
  to   space 12288K, 0% used [0x00000007ff400000,0x00000007ff400000,0x0000000800000000)
 ParOldGen       total 532992K, used 268920K [0x0000000741800000, 0x0000000762080000, 0x00000007c0800000)
  object space 532992K, 50% used [0x0000000741800000,0x0000000751e9e070,0x0000000762080000)
 PSPermGen       total 31232K, used 15214K [0x000000073c600000, 0x000000073e480000, 0x0000000741800000)
  object space 31232K, 48% used [0x000000073c600000,0x000000073d4dbaf8,0x000000073e480000)
}
Event: 3906.333 GC heap before
{Heap before GC invocations=1312 (full 4):
 PSYoungGen      total 1026048K, used 1019975K [0x00000007c0800000, 0x0000000800000000, 0x0000000800000000)
  eden space 1013248K, 100% used [0x00000007c0800000,0x00000007fe580000,0x00000007fe580000)
  from space 12800K, 52% used [0x00000007fe580000,0x00000007fec11c58,0x00000007ff200000)
  to   space 12288K, 0% used [0x00000007ff400000,0x00000007ff400000,0x0000000800000000)
 ParOldGen       total 532992K, used 268920K [0x0000000741800000, 0x0000000762080000, 0x00000007c0800000)
  object space 532992K, 50% used [0x0000000741800000,0x0000000751e9e070,0x0000000762080000)
 PSPermGen       total 31232K, used 15214K [0x000000073c600000, 0x000000073e480000, 0x0000000741800000)
  object space 31232K, 48% used [0x000000073c600000,0x000000073d4dbaf8,0x000000073e480000)
Event: 3906.340 GC heap after
Heap after GC invocations=1312 (full 4):
 PSYoungGen      total 1026048K, used 6752K [0x00000007c0800000, 0x00000007ffe80000, 0x0000000800000000)
  eden space 1015296K, 0% used [0x00000007c0800000,0x00000007c0800000,0x00000007fe780000)
  from space 10752K, 62% used [0x00000007ff400000,0x00000007ffa98000,0x00000007ffe80000)
  to   space 11776K, 0% used [0x00000007fe780000,0x00000007fe780000,0x00000007ff300000)
 ParOldGen       total 532992K, used 269056K [0x0000000741800000, 0x0000000762080000, 0x00000007c0800000)
  object space 532992K, 50% used [0x0000000741800000,0x0000000751ec0070,0x0000000762080000)
 PSPermGen       total 31232K, used 15214K [0x000000073c600000, 0x000000073e480000, 0x0000000741800000)
  object space 31232K, 48% used [0x000000073c600000,0x000000073d4dbaf8,0x000000073e480000)
}
Event: 3909.188 GC heap before
{Heap before GC invocations=1313 (full 4):
 PSYoungGen      total 1026048K, used 1022048K [0x00000007c0800000, 0x00000007ffe80000, 0x0000000800000000)
  eden space 1015296K, 100% used [0x00000007c0800000,0x00000007fe780000,0x00000007fe780000)
  from space 10752K, 62% used [0x00000007ff400000,0x00000007ffa98000,0x00000007ffe80000)
  to   space 11776K, 0% used [0x00000007fe780000,0x00000007fe780000,0x00000007ff300000)
 ParOldGen       total 532992K, used 269056K [0x0000000741800000, 0x0000000762080000, 0x00000007c0800000)
  object space 532992K, 50% used [0x0000000741800000,0x0000000751ec0070,0x0000000762080000)
 PSPermGen       total 31232K, used 15214K [0x000000073c600000, 0x000000073e480000, 0x0000000741800000)
  object space 31232K, 48% used [0x000000073c600000,0x000000073d4dbaf8,0x000000073e480000)
Event: 3909.196 GC heap after
Heap after GC invocations=1313 (full 4):
 PSYoungGen      total 1027072K, used 6695K [0x00000007c0800000, 0x0000000800000000, 0x0000000800000000)
  eden space 1015296K, 0% used [0x00000007c0800000,0x00000007c0800000,0x00000007fe780000)
  from space 11776K, 56% used [0x00000007fe780000,0x00000007fee09c58,0x00000007ff300000)
  to   space 11264K, 0% used [0x00000007ff500000,0x00000007ff500000,0x0000000800000000)
 ParOldGen       total 532992K, used 269200K [0x0000000741800000, 0x0000000762080000, 0x00000007c0800000)
  object space 532992K, 50% used [0x0000000741800000,0x0000000751ee4070,0x0000000762080000)
 PSPermGen       total 31232K, used 15214K [0x000000073c600000, 0x000000073e480000, 0x0000000741800000)
  object space 31232K, 48% used [0x000000073c600000,0x000000073d4dbaf8,0x000000073e480000)
}
Event: 3911.743 GC heap before
{Heap before GC invocations=1314 (full 4):
 PSYoungGen      total 1027072K, used 1021991K [0x00000007c0800000, 0x0000000800000000, 0x0000000800000000)
  eden space 1015296K, 100% used [0x00000007c0800000,0x00000007fe780000,0x00000007fe780000)
  from space 11776K, 56% used [0x00000007fe780000,0x00000007fee09c58,0x00000007ff300000)
  to   space 11264K, 0% used [0x00000007ff500000,0x00000007ff500000,0x0000000800000000)
 ParOldGen       total 532992K, used 269200K [0x0000000741800000, 0x0000000762080000, 0x00000007c0800000)
  object space 532992K, 50% used [0x0000000741800000,0x0000000751ee4070,0x0000000762080000)
 PSPermGen       total 31232K, used 15214K [0x000000073c600000, 0x000000073e480000, 0x0000000741800000)
  object space 31232K, 48% used [0x000000073c600000,0x000000073d4dbaf8,0x000000073e480000)
Event: 3911.752 GC heap after
Heap after GC invocations=1314 (full 4):
 PSYoungGen      total 1028096K, used 7911K [0x00000007c0800000, 0x0000000800000000, 0x0000000800000000)
  eden space 1016832K, 0% used [0x00000007c0800000,0x00000007c0800000,0x00000007fe900000)
  from space 11264K, 70% used [0x00000007ff500000,0x00000007ffcb9c88,0x0000000800000000)
  to   space 11776K, 0% used [0x00000007fe900000,0x00000007fe900000,0x00000007ff480000)
 ParOldGen       total 532992K, used 269548K [0x0000000741800000, 0x0000000762080000, 0x00000007c0800000)
  object space 532992K, 50% used [0x0000000741800000,0x0000000751f3b080,0x0000000762080000)
 PSPermGen       total 31232K, used 15214K [0x000000073c600000, 0x000000073e480000, 0x0000000741800000)
  object space 31232K, 48% used [0x000000073c600000,0x000000073d4dbaf8,0x000000073e480000)
}
Event: 3914.822 GC heap before
{Heap before GC invocations=1315 (full 4):
 PSYoungGen      total 1028096K, used 1024743K [0x00000007c0800000, 0x0000000800000000, 0x0000000800000000)
  eden space 1016832K, 100% used [0x00000007c0800000,0x00000007fe900000,0x00000007fe900000)
  from space 11264K, 70% used [0x00000007ff500000,0x00000007ffcb9c88,0x0000000800000000)
  to   space 11776K, 0% used [0x00000007fe900000,0x00000007fe900000,0x00000007ff480000)
 ParOldGen       total 532992K, used 269548K [0x0000000741800000, 0x0000000762080000, 0x00000007c0800000)
  object space 532992K, 50% used [0x0000000741800000,0x0000000751f3b080,0x0000000762080000)
 PSPermGen       total 31232K, used 15214K [0x000000073c600000, 0x000000073e480000, 0x0000000741800000)
  object space 31232K, 48% used [0x000000073c600000,0x000000073d4dbaf8,0x000000073e480000)
Event: 3914.829 GC heap after
Heap after GC invocations=1315 (full 4):
 PSYoungGen      total 1028608K, used 6784K [0x00000007c0800000, 0x00000007fff80000, 0x0000000800000000)
  eden space 1016832K, 0% used [0x00000007c0800000,0x00000007c0800000,0x00000007fe900000)
  from space 11776K, 57% used [0x00000007fe900000,0x00000007fefa0000,0x00000007ff480000)
  to   space 11264K, 0% used [0x00000007ff480000,0x00000007ff480000,0x00000007fff80000)
 ParOldGen       total 532992K, used 269740K [0x0000000741800000, 0x0000000762080000, 0x00000007c0800000)
  object space 532992K, 50% used [0x0000000741800000,0x0000000751f6b080,0x0000000762080000)
 PSPermGen       total 31232K, used 15214K [0x000000073c600000, 0x000000073e480000, 0x0000000741800000)
  object space 31232K, 48% used [0x000000073c600000,0x000000073d4dbaf8,0x000000073e480000)
}

